<?xml version="1.0" encoding="UTF-8"?>
<robot generator="Robot 5.0.1 (Python 3.8.8rc1 on win32)" generated="20250214 15:24:05.613" rpa="false" schemaversion="3">
<suite id="s1" name="Suites">
<suite id="s1-s1" name="listarUsuariosTest" source="C:\Users\55619\Dropbox\My PC (DESKTOP-8Q92QEK)\Documents\projetos\servRest\automacao-com-robot-framework-api-web\WEB\tests\listarUsuarios\listarUsuariosTest.robot">
<test id="s1-s1-t1" name="Cenário 01: listar usuários" line="10">
<kw name="gerar usuário para testes de login e abrir sessao" library="loginSteps" type="SETUP">
<kw name="gerar usuário para testes de login" library="commons_api">
<kw name="First Name" library="FakerLibrary">
<var>${nome_login}</var>
<msg timestamp="20250214 15:24:07.187" level="INFO">${nome_login} = Joseph</msg>
<status status="PASS" starttime="20250214 15:24:07.187" endtime="20250214 15:24:07.187"/>
</kw>
<kw name="Email" library="FakerLibrary">
<var>${email_login}</var>
<msg timestamp="20250214 15:24:07.188" level="INFO">${email_login} = samuellane@example.org</msg>
<status status="PASS" starttime="20250214 15:24:07.187" endtime="20250214 15:24:07.188"/>
</kw>
<kw name="Password" library="FakerLibrary">
<var>${senha_login}</var>
<arg>special_chars=FALSE</arg>
<doc>Generate a random password of the specified ``length``.</doc>
<msg timestamp="20250214 15:24:07.189" level="INFO">${senha_login} = wL5kHEsj2Y</msg>
<status status="PASS" starttime="20250214 15:24:07.188" endtime="20250214 15:24:07.189"/>
</kw>
<kw name="Sleep" library="BuiltIn">
<arg>0.5</arg>
<doc>Pauses the test executed for the given time.</doc>
<msg timestamp="20250214 15:24:07.692" level="INFO">Slept 500 milliseconds</msg>
<status status="PASS" starttime="20250214 15:24:07.189" endtime="20250214 15:24:07.692"/>
</kw>
<kw name="Set Test Variable" library="BuiltIn">
<arg>${email_login}</arg>
<doc>Makes a variable available everywhere within the scope of the current test.</doc>
<msg timestamp="20250214 15:24:07.694" level="INFO">${email_login} = samuellane@example.org</msg>
<status status="PASS" starttime="20250214 15:24:07.693" endtime="20250214 15:24:07.694"/>
</kw>
<kw name="Set Test Variable" library="BuiltIn">
<arg>${senha_login}</arg>
<doc>Makes a variable available everywhere within the scope of the current test.</doc>
<msg timestamp="20250214 15:24:07.696" level="INFO">${senha_login} = wL5kHEsj2Y</msg>
<status status="PASS" starttime="20250214 15:24:07.695" endtime="20250214 15:24:07.696"/>
</kw>
<kw name="Set Test Variable" library="BuiltIn">
<arg>${nome_login}</arg>
<doc>Makes a variable available everywhere within the scope of the current test.</doc>
<msg timestamp="20250214 15:24:07.696" level="INFO">${nome_login} = Joseph</msg>
<status status="PASS" starttime="20250214 15:24:07.696" endtime="20250214 15:24:07.697"/>
</kw>
<kw name="criar usuário" library="usuariosApiKeywords">
<arg>${nome_login}</arg>
<arg>${email_login}</arg>
<arg>${senha_login}</arg>
<arg>true</arg>
<kw name="Gerar payload para cadastro de cliente" library="usuariosApiKeywords">
<arg>${nome}</arg>
<arg>${email}</arg>
<arg>${senha}</arg>
<arg>${adm}</arg>
<kw name="Criar Payload Para Cadastro De Cliente" library="createPayloads">
<var>${body}</var>
<arg>${NOME}</arg>
<arg>${EMAIL}</arg>
<arg>${SENHA}</arg>
<arg>${ADM}</arg>
<msg timestamp="20250214 15:24:07.700" level="INFO">${body} = {
    "nome": "Joseph",
    "email": "samuellane@example.org",
    "password": "wL5kHEsj2Y",
    "administrador": "true"
}</msg>
<status status="PASS" starttime="20250214 15:24:07.699" endtime="20250214 15:24:07.700"/>
</kw>
<kw name="Set Test Variable" library="BuiltIn">
<arg>${body}</arg>
<doc>Makes a variable available everywhere within the scope of the current test.</doc>
<msg timestamp="20250214 15:24:07.701" level="INFO">${body} = {
    "nome": "Joseph",
    "email": "samuellane@example.org",
    "password": "wL5kHEsj2Y",
    "administrador": "true"
}</msg>
<status status="PASS" starttime="20250214 15:24:07.700" endtime="20250214 15:24:07.701"/>
</kw>
<status status="PASS" starttime="20250214 15:24:07.698" endtime="20250214 15:24:07.701"/>
</kw>
<kw name="POST request test" library="commons_api">
<arg>/usuarios</arg>
<arg>${body}</arg>
<arg>201</arg>
<kw name="criar sessao" library="commons_api">
<kw name="Create Session" library="RequestsLibrary">
<arg>api</arg>
<arg>${BASE_URL_API}</arg>
<arg>verify=True</arg>
<doc>Create Session: create a HTTP session to a server</doc>
<msg timestamp="20250214 15:24:07.704" level="INFO">Creating Session using : alias=api, url=https://serverest.dev, headers={},                     cookies={}, auth=None, timeout=None, proxies=None, verify=True,                     debug=0 </msg>
<status status="PASS" starttime="20250214 15:24:07.704" endtime="20250214 15:24:07.705"/>
</kw>
<status status="PASS" starttime="20250214 15:24:07.703" endtime="20250214 15:24:07.705"/>
</kw>
<kw name="Convert To Json" library="JsonValidator">
<var>${body}</var>
<arg>${body}</arg>
<doc>Convert a python object to JsonType.</doc>
<msg timestamp="20250214 15:24:07.706" level="INFO">${body} = {'nome': 'Joseph', 'email': 'samuellane@example.org', 'password': 'wL5kHEsj2Y', 'administrador': 'true'}</msg>
<status status="PASS" starttime="20250214 15:24:07.705" endtime="20250214 15:24:07.706"/>
</kw>
<kw name="Create Dictionary" library="BuiltIn">
<var>&amp;{headers}</var>
<arg>Content-Type=application/json</arg>
<doc>Creates and returns a dictionary based on the given ``items``.</doc>
<msg timestamp="20250214 15:24:07.707" level="INFO">&amp;{headers} = { Content-Type=application/json }</msg>
<status status="PASS" starttime="20250214 15:24:07.706" endtime="20250214 15:24:07.707"/>
</kw>
<kw name="POST On Session" library="RequestsLibrary">
<var>${response}</var>
<arg>api</arg>
<arg>url=${url}</arg>
<arg>headers=${headers}</arg>
<arg>expected_status=${status}</arg>
<arg>json=${body}</arg>
<doc>Sends a POST request on a previously created HTTP Session.</doc>
<msg timestamp="20250214 15:24:08.088" level="INFO">POST Request : url=https://serverest.dev/usuarios 
 path_url=/usuarios 
 headers={'User-Agent': 'python-requests/2.28.1', 'Accept-Encoding': 'gzip, deflate', 'Accept': '*/*', 'Connection': 'keep-alive', 'Content-Type': 'application/json', 'Content-Length': '104'} 
 body=b'{"nome": "Joseph", "email": "samuellane@example.org", "password": "wL5kHEsj2Y", "administrador": "true"}' 
 </msg>
<msg timestamp="20250214 15:24:08.088" level="INFO">POST Response : url=https://serverest.dev/usuarios 
 status=201, reason=Created 
 headers={'access-control-allow-origin': '*', 'x-dns-prefetch-control': 'off', 'x-frame-options': 'SAMEORIGIN', 'strict-transport-security': 'max-age=15552000; includeSubDomains', 'x-download-options': 'noopen', 'x-content-type-options': 'nosniff', 'x-xss-protection': '1; mode=block', 'content-type': 'application/json; charset=utf-8', 'X-Cloud-Trace-Context': '43f71f30da72e35431b22af3822df905', 'Date': 'Fri, 14 Feb 2025 18:24:07 GMT', 'Server': 'Google Frontend', 'Content-Length': '82'} 
 body={
    "message": "Cadastro realizado com sucesso",
    "_id": "dArDPViLYGdKBj6I"
} 
 </msg>
<msg timestamp="20250214 15:24:08.089" level="INFO">${response} = &lt;Response [201]&gt;</msg>
<status status="PASS" starttime="20250214 15:24:07.708" endtime="20250214 15:24:08.089"/>
</kw>
<kw name="Set Variable" library="BuiltIn">
<var>${resposta}</var>
<arg>${response.content}</arg>
<doc>Returns the given values which can then be assigned to a variables.</doc>
<msg timestamp="20250214 15:24:08.090" level="INFO">${resposta} = {
    "message": "Cadastro realizado com sucesso",
    "_id": "dArDPViLYGdKBj6I"
}</msg>
<status status="PASS" starttime="20250214 15:24:08.089" endtime="20250214 15:24:08.090"/>
</kw>
<kw name="Set Variable" library="BuiltIn">
<var>${resposta_status}</var>
<arg>${response.status_code}</arg>
<doc>Returns the given values which can then be assigned to a variables.</doc>
<msg timestamp="20250214 15:24:08.091" level="INFO">${resposta_status} = 201</msg>
<status status="PASS" starttime="20250214 15:24:08.090" endtime="20250214 15:24:08.091"/>
</kw>
<kw name="To Json" library="RequestsLibrary">
<var>${resposta}</var>
<arg>${resposta}</arg>
<doc>*DEPRECATED* Please use ${resp.json()} instead. Have a look at the improved HTML output as pretty printing replacement.</doc>
<msg timestamp="20250214 15:24:08.092" level="WARN">Keyword 'RequestsLibrary.To Json' is deprecated. Please use ${resp.json()} instead. Have a look at the improved HTML output as pretty printing replacement.</msg>
<msg timestamp="20250214 15:24:08.092" level="INFO">To JSON using : content={
    "message": "Cadastro realizado com sucesso",
    "_id": "dArDPViLYGdKBj6I"
} </msg>
<msg timestamp="20250214 15:24:08.092" level="INFO">To JSON using : pretty_print=False </msg>
<msg timestamp="20250214 15:24:08.093" level="INFO">${resposta} = {'message': 'Cadastro realizado com sucesso', '_id': 'dArDPViLYGdKBj6I'}</msg>
<status status="PASS" starttime="20250214 15:24:08.092" endtime="20250214 15:24:08.093"/>
</kw>
<kw name="Set Test Variable" library="BuiltIn">
<arg>${resposta}</arg>
<doc>Makes a variable available everywhere within the scope of the current test.</doc>
<msg timestamp="20250214 15:24:08.094" level="INFO">${resposta} = {'message': 'Cadastro realizado com sucesso', '_id': 'dArDPViLYGdKBj6I'}</msg>
<status status="PASS" starttime="20250214 15:24:08.093" endtime="20250214 15:24:08.094"/>
</kw>
<kw name="Set Test Variable" library="BuiltIn">
<arg>${resposta_status}</arg>
<doc>Makes a variable available everywhere within the scope of the current test.</doc>
<msg timestamp="20250214 15:24:08.095" level="INFO">${resposta_status} = 201</msg>
<status status="PASS" starttime="20250214 15:24:08.094" endtime="20250214 15:24:08.095"/>
</kw>
<status status="PASS" starttime="20250214 15:24:07.702" endtime="20250214 15:24:08.096"/>
</kw>
<status status="PASS" starttime="20250214 15:24:07.697" endtime="20250214 15:24:08.096"/>
</kw>
<status status="PASS" starttime="20250214 15:24:07.186" endtime="20250214 15:24:08.096"/>
</kw>
<kw name="Abrir Sessao" library="commons_web">
<kw name="Baixar Chromedriver Path" library="webdriverManager">
<var>${CHROMEDRIVER_PATH}</var>
<msg timestamp="20250214 15:24:08.098" level="INFO">====== WebDriver manager ======</msg>
<msg timestamp="20250214 15:24:09.731" level="INFO">Get LATEST chromedriver version for google-chrome</msg>
<msg timestamp="20250214 15:24:09.814" level="INFO">Get LATEST chromedriver version for google-chrome</msg>
<msg timestamp="20250214 15:24:09.897" level="INFO">Driver [C:\Users\55619\.wdm\drivers\chromedriver\win64\133.0.6943.98\chromedriver.exe] found in cache</msg>
<msg timestamp="20250214 15:24:09.897" level="INFO">C:\Users\55619\.wdm\drivers\chromedriver\win64\133.0.6943.98\chromedriver.exe</msg>
<msg timestamp="20250214 15:24:09.897" level="INFO">${CHROMEDRIVER_PATH} = C:\Users\55619\.wdm\drivers\chromedriver\win64\133.0.6943.98\chromedriver.exe</msg>
<status status="PASS" starttime="20250214 15:24:08.097" endtime="20250214 15:24:09.897"/>
</kw>
<kw name="Open Browser" library="SeleniumLibrary">
<arg>${BASE_URL}</arg>
<arg>${BROWSER}</arg>
<arg>executable_path=${CHROMEDRIVER_PATH}</arg>
<doc>Opens a new browser instance to the optional ``url``.</doc>
<msg timestamp="20250214 15:24:09.899" level="INFO">Opening browser 'Chrome' to base url 'https://front.serverest.dev/login'.</msg>
<status status="PASS" starttime="20250214 15:24:09.898" endtime="20250214 15:24:13.469"/>
</kw>
<status status="PASS" starttime="20250214 15:24:08.096" endtime="20250214 15:24:13.470"/>
</kw>
<status status="PASS" starttime="20250214 15:24:07.186" endtime="20250214 15:24:13.470"/>
</kw>
<kw name="Create List" library="BuiltIn">
<var>@{lista_coluna}</var>
<arg>Nome</arg>
<arg>Email</arg>
<arg>Senha</arg>
<arg>administrador</arg>
<arg>Ações</arg>
<doc>Returns a list containing given items.</doc>
<msg timestamp="20250214 15:24:13.474" level="INFO">@{lista_coluna} = [ Nome | Email | Senha | administrador | Ações ]</msg>
<status status="PASS" starttime="20250214 15:24:13.471" endtime="20250214 15:24:13.474"/>
</kw>
<kw name="Dado que eu tenha realizado login" library="loginSteps">
<arg>${email_login}</arg>
<arg>${senha_login}</arg>
<kw name="Dado que eu tenha acessado o sistema serverest" library="loginSteps">
<kw name="Wait Until Page Contains Element" library="SeleniumLibrary">
<arg>${BOTAO_ENTRAR}</arg>
<doc>Waits until the element ``locator`` appears on the current page.</doc>
<status status="PASS" starttime="20250214 15:24:13.479" endtime="20250214 15:24:13.520"/>
</kw>
<kw name="Capture Page Screenshot" library="SeleniumLibrary">
<doc>Takes a screenshot of the current page and embeds it into a log file.</doc>
<msg timestamp="20250214 15:24:14.368" level="INFO" html="true">&lt;/td&gt;&lt;/tr&gt;&lt;tr&gt;&lt;td colspan="3"&gt;&lt;a href="selenium-screenshot-1.png"&gt;&lt;img src="selenium-screenshot-1.png" width="800px"&gt;&lt;/a&gt;</msg>
<status status="PASS" starttime="20250214 15:24:13.521" endtime="20250214 15:24:14.369"/>
</kw>
<status status="PASS" starttime="20250214 15:24:13.476" endtime="20250214 15:24:14.369"/>
</kw>
<kw name="Quando preencher usuário &quot;${NOME_LOGIN}&quot; e Senha &quot;${SENHA_LOGIN}&quot;" library="loginSteps" sourcename="Quando preencher usuário &quot;${NOME_LOGIN}&quot; e Senha &quot;${SENHA_LOGIN}&quot;">
<kw name="aguardar elemento estar visivel na tela e preencher" library="loginKeywords">
<arg>${Input_Email_Login}</arg>
<arg>${NOME_LOGIN}</arg>
<kw name="Wait Until Page Contains Element" library="SeleniumLibrary">
<arg>${elemento_aguardado}</arg>
<doc>Waits until the element ``locator`` appears on the current page.</doc>
<status status="PASS" starttime="20250214 15:24:14.372" endtime="20250214 15:24:14.405"/>
</kw>
<kw name="Input Text" library="SeleniumLibrary">
<arg>${elemento_aguardado}</arg>
<arg>${elemento_a_ser_preenchido}</arg>
<doc>Types the given ``text`` into the text field identified by ``locator``.</doc>
<msg timestamp="20250214 15:24:14.406" level="INFO">Typing text 'samuellane@example.org' into text field 'id=email'.</msg>
<status status="PASS" starttime="20250214 15:24:14.405" endtime="20250214 15:24:14.636"/>
</kw>
<status status="PASS" starttime="20250214 15:24:14.371" endtime="20250214 15:24:14.637"/>
</kw>
<kw name="aguardar elemento estar visivel na tela e preencher" library="loginKeywords">
<arg>${Input_Senha_Login}</arg>
<arg>${SENHA_LOGIN}</arg>
<kw name="Wait Until Page Contains Element" library="SeleniumLibrary">
<arg>${elemento_aguardado}</arg>
<doc>Waits until the element ``locator`` appears on the current page.</doc>
<status status="PASS" starttime="20250214 15:24:14.639" endtime="20250214 15:24:14.657"/>
</kw>
<kw name="Input Text" library="SeleniumLibrary">
<arg>${elemento_aguardado}</arg>
<arg>${elemento_a_ser_preenchido}</arg>
<doc>Types the given ``text`` into the text field identified by ``locator``.</doc>
<msg timestamp="20250214 15:24:14.658" level="INFO">Typing text 'wL5kHEsj2Y' into text field 'id=password'.</msg>
<status status="PASS" starttime="20250214 15:24:14.658" endtime="20250214 15:24:14.790"/>
</kw>
<status status="PASS" starttime="20250214 15:24:14.637" endtime="20250214 15:24:14.790"/>
</kw>
<status status="PASS" starttime="20250214 15:24:14.370" endtime="20250214 15:24:14.791"/>
</kw>
<kw name="E clicar em &quot;Entrar&quot;" library="commons_web" sourcename="${word} clicar em &quot;${btn}&quot;">
<kw name="Click Element" library="SeleniumLibrary">
<arg>${Botao_${btn}}</arg>
<doc>Click the element identified by ``locator``.</doc>
<msg timestamp="20250214 15:24:14.792" level="INFO">Clicking element '//button[@type="submit"]'.</msg>
<status status="PASS" starttime="20250214 15:24:14.792" endtime="20250214 15:24:14.875"/>
</kw>
<status status="PASS" starttime="20250214 15:24:14.791" endtime="20250214 15:24:14.875"/>
</kw>
<kw name="Então sistema efetuará o &quot;login&quot; com sucesso ao mostrar o texto &quot;${Texto_bem_vindo}&quot;" library="loginSteps" sourcename="Então sistema efetuará o &quot;${login}&quot; com sucesso ao mostrar o texto &quot;${Texto}&quot;">
<kw name="aguardar texto: &quot;${Texto}&quot; estar visivel e printar a tela" library="commons_web" sourcename="aguardar texto: &quot;${Texto}&quot; estar visivel e printar a tela">
<kw name="Wait Until Page Contains" library="SeleniumLibrary">
<arg>${Texto}</arg>
<doc>Waits until ``text`` appears on the current page.</doc>
<status status="PASS" starttime="20250214 15:24:14.878" endtime="20250214 15:24:16.007"/>
</kw>
<kw name="Capture Page Screenshot" library="SeleniumLibrary">
<doc>Takes a screenshot of the current page and embeds it into a log file.</doc>
<msg timestamp="20250214 15:24:16.152" level="INFO" html="true">&lt;/td&gt;&lt;/tr&gt;&lt;tr&gt;&lt;td colspan="3"&gt;&lt;a href="selenium-screenshot-2.png"&gt;&lt;img src="selenium-screenshot-2.png" width="800px"&gt;&lt;/a&gt;</msg>
<status status="PASS" starttime="20250214 15:24:16.008" endtime="20250214 15:24:16.153"/>
</kw>
<status status="PASS" starttime="20250214 15:24:14.876" endtime="20250214 15:24:16.155"/>
</kw>
<status status="PASS" starttime="20250214 15:24:14.876" endtime="20250214 15:24:16.155"/>
</kw>
<status status="PASS" starttime="20250214 15:24:13.474" endtime="20250214 15:24:16.156"/>
</kw>
<kw name="Quando clicar em &quot;Listar&quot; para usuários" library="listarUsuariosSteps" sourcename="Quando clicar em &quot;${btn}&quot; para usuários">
<kw name="aguardar texto: &quot;${Texto_de_listar_usuarios}&quot; estar visivel e printar a tela" library="commons_web" sourcename="aguardar texto: &quot;${Texto}&quot; estar visivel e printar a tela">
<kw name="Wait Until Page Contains" library="SeleniumLibrary">
<arg>${Texto}</arg>
<doc>Waits until ``text`` appears on the current page.</doc>
<status status="PASS" starttime="20250214 15:24:16.160" endtime="20250214 15:24:16.183"/>
</kw>
<kw name="Capture Page Screenshot" library="SeleniumLibrary">
<doc>Takes a screenshot of the current page and embeds it into a log file.</doc>
<msg timestamp="20250214 15:24:16.302" level="INFO" html="true">&lt;/td&gt;&lt;/tr&gt;&lt;tr&gt;&lt;td colspan="3"&gt;&lt;a href="selenium-screenshot-3.png"&gt;&lt;img src="selenium-screenshot-3.png" width="800px"&gt;&lt;/a&gt;</msg>
<status status="PASS" starttime="20250214 15:24:16.184" endtime="20250214 15:24:16.303"/>
</kw>
<status status="PASS" starttime="20250214 15:24:16.158" endtime="20250214 15:24:16.303"/>
</kw>
<kw name="E clicar em &quot;${btn}&quot;" library="commons_web" sourcename="${word} clicar em &quot;${btn}&quot;">
<kw name="Click Element" library="SeleniumLibrary">
<arg>${Botao_${btn}}</arg>
<doc>Click the element identified by ``locator``.</doc>
<msg timestamp="20250214 15:24:16.306" level="INFO">Clicking element '//h5/../a[contains(text(), 'Listar')]'.</msg>
<status status="PASS" starttime="20250214 15:24:16.305" endtime="20250214 15:24:16.386"/>
</kw>
<status status="PASS" starttime="20250214 15:24:16.304" endtime="20250214 15:24:16.386"/>
</kw>
<kw name="aguardar texto: &quot;${Texto_Lista_Dos_Usuarios}&quot; estar visivel e printar a tela" library="commons_web" sourcename="aguardar texto: &quot;${Texto}&quot; estar visivel e printar a tela">
<kw name="Wait Until Page Contains" library="SeleniumLibrary">
<arg>${Texto}</arg>
<doc>Waits until ``text`` appears on the current page.</doc>
<status status="PASS" starttime="20250214 15:24:16.388" endtime="20250214 15:24:16.404"/>
</kw>
<kw name="Capture Page Screenshot" library="SeleniumLibrary">
<doc>Takes a screenshot of the current page and embeds it into a log file.</doc>
<msg timestamp="20250214 15:24:16.561" level="INFO" html="true">&lt;/td&gt;&lt;/tr&gt;&lt;tr&gt;&lt;td colspan="3"&gt;&lt;a href="selenium-screenshot-4.png"&gt;&lt;img src="selenium-screenshot-4.png" width="800px"&gt;&lt;/a&gt;</msg>
<status status="PASS" starttime="20250214 15:24:16.404" endtime="20250214 15:24:16.561"/>
</kw>
<status status="PASS" starttime="20250214 15:24:16.387" endtime="20250214 15:24:16.562"/>
</kw>
<status status="PASS" starttime="20250214 15:24:16.156" endtime="20250214 15:24:16.562"/>
</kw>
<kw name="Então sistema apresentará as colunas: &quot;${lista_coluna}&quot;" library="listarUsuariosSteps" sourcename="Então sistema apresentará as colunas: &quot;${list}&quot;">
<kw name="Get WebElements" library="SeleniumLibrary">
<var>${elementos_da_pagina}</var>
<arg>${Lista_Coluna_De_Lista_Dos_Usuarios}</arg>
<doc>Returns a list of WebElement objects matching the ``locator``.</doc>
<msg timestamp="20250214 15:24:16.579" level="INFO">${elementos_da_pagina} = [&lt;selenium.webdriver.remote.webelement.WebElement (session="79edbe897580647e387d6e724edf83f7", element="f.0C69D05D922D8ED5F92D37F60B28B413.d.738957D55C0FEE934706EA2F5E8E2CCA.e.33")&gt;, &lt;selenium.webdriv...</msg>
<status status="PASS" starttime="20250214 15:24:16.563" endtime="20250214 15:24:16.579"/>
</kw>
<kw name="Create List" library="BuiltIn">
<var>@{Lista_Coluna_De_Lista_Dos_Usuarios}</var>
<arg>${elementos_da_pagina}</arg>
<doc>Returns a list containing given items.</doc>
<msg timestamp="20250214 15:24:16.581" level="INFO">@{Lista_Coluna_De_Lista_Dos_Usuarios} = [ [&lt;selenium.webdriver.remote.webelement.WebElement (session="79edbe897580647e387d6e724edf83f7", element="f.0C69D05D922D8ED5F92D37F60B28B413.d.738957D55C0FEE934706EA2F5E8E2CCA.e.33")&gt;, &lt;selenium.webdr...</msg>
<status status="PASS" starttime="20250214 15:24:16.580" endtime="20250214 15:24:16.581"/>
</kw>
<for flavor="IN">
<var>${element}</var>
<value>@{Lista_Coluna_De_Lista_Dos_Usuarios}</value>
<iter>
<var name="${element}">[&lt;selenium.webdriver.remote.webelement.WebElement (session="79edbe897580647e387d6e724edf83f7", element="f.0C69D05D922D8ED5F92D37F60B28B413.d.738957D55C0FEE934706EA2F5E8E2CCA.e.33")&gt;, &lt;selenium.webdriv...</var>
<kw name="Get Text" library="SeleniumLibrary">
<var>${element}</var>
<arg>${element}</arg>
<doc>Returns the text value of the element identified by ``locator``.</doc>
<msg timestamp="20250214 15:24:16.599" level="INFO">${element} = Ações</msg>
<status status="PASS" starttime="20250214 15:24:16.583" endtime="20250214 15:24:16.599"/>
</kw>
<kw name="List Should Contain Value" library="Collections">
<arg>${list}</arg>
<arg>${element}</arg>
<doc>Fails if the ``value`` is not found from ``list``.</doc>
<status status="PASS" starttime="20250214 15:24:16.600" endtime="20250214 15:24:16.600"/>
</kw>
<status status="PASS" starttime="20250214 15:24:16.582" endtime="20250214 15:24:16.600"/>
</iter>
<status status="PASS" starttime="20250214 15:24:16.581" endtime="20250214 15:24:16.600"/>
</for>
<status status="PASS" starttime="20250214 15:24:16.562" endtime="20250214 15:24:16.601"/>
</kw>
<kw name="E uma lista de usuários" library="listarUsuariosSteps">
<kw name="Wait Until Page Contains Element" library="SeleniumLibrary">
<arg>${Elemento_Lista_Dos_Usuarios}</arg>
<doc>Waits until the element ``locator`` appears on the current page.</doc>
<status status="PASS" starttime="20250214 15:24:16.601" endtime="20250214 15:24:16.899"/>
</kw>
<kw name="transformar webelement em texto" library="listarUsuariosKeywords">
<var>${primeiro_elemento_lista}</var>
<arg>${Elemento_Lista_Dos_Usuarios}</arg>
<kw name="Get WebElement" library="SeleniumLibrary">
<var>${webelement}</var>
<arg>${webelement}</arg>
<doc>Returns the first WebElement matching the given ``locator``.</doc>
<msg timestamp="20250214 15:24:16.911" level="INFO">${webelement} = &lt;selenium.webdriver.remote.webelement.WebElement (session="79edbe897580647e387d6e724edf83f7", element="f.0C69D05D922D8ED5F92D37F60B28B413.d.738957D55C0FEE934706EA2F5E8E2CCA.e.56")&gt;</msg>
<status status="PASS" starttime="20250214 15:24:16.901" endtime="20250214 15:24:16.911"/>
</kw>
<kw name="Get Text" library="SeleniumLibrary">
<var>${webelement}</var>
<arg>${webelement}</arg>
<doc>Returns the text value of the element identified by ``locator``.</doc>
<msg timestamp="20250214 15:24:16.923" level="INFO">${webelement} = Christopher</msg>
<status status="PASS" starttime="20250214 15:24:16.912" endtime="20250214 15:24:16.923"/>
</kw>
<return>
<value>${webelement}</value>
<status status="PASS" starttime="20250214 15:24:16.923" endtime="20250214 15:24:16.924"/>
</return>
<msg timestamp="20250214 15:24:16.924" level="INFO">${primeiro_elemento_lista} = Christopher</msg>
<status status="PASS" starttime="20250214 15:24:16.900" endtime="20250214 15:24:16.924"/>
</kw>
<kw name="Should Not Be Empty" library="BuiltIn">
<arg>${primeiro_elemento_lista}</arg>
<doc>Verifies that the given item is not empty.</doc>
<msg timestamp="20250214 15:24:16.925" level="INFO">Length is 11</msg>
<status status="PASS" starttime="20250214 15:24:16.924" endtime="20250214 15:24:16.925"/>
</kw>
<status status="PASS" starttime="20250214 15:24:16.601" endtime="20250214 15:24:16.925"/>
</kw>
<kw name="Fechar Sessao" library="commons_web" type="TEARDOWN">
<kw name="Close Browser" library="SeleniumLibrary">
<doc>Closes the current browser.</doc>
<status status="PASS" starttime="20250214 15:24:16.926" endtime="20250214 15:24:20.293"/>
</kw>
<status status="PASS" starttime="20250214 15:24:16.925" endtime="20250214 15:24:20.293"/>
</kw>
<status status="PASS" starttime="20250214 15:24:07.185" endtime="20250214 15:24:20.294"/>
</test>
<doc>Testes de Listar usuários</doc>
<status status="PASS" starttime="20250214 15:24:05.658" endtime="20250214 15:24:20.295"/>
</suite>
<status status="PASS" starttime="20250214 15:24:05.629" endtime="20250214 15:24:20.296"/>
</suite>
<statistics>
<total>
<stat pass="1" fail="0" skip="0">All Tests</stat>
</total>
<tag>
</tag>
<suite>
<stat pass="1" fail="0" skip="0" id="s1" name="Suites">Suites</stat>
<stat pass="1" fail="0" skip="0" id="s1-s1" name="listarUsuariosTest">Suites.listarUsuariosTest</stat>
</suite>
</statistics>
<errors>
<msg timestamp="20250214 15:24:07.051" level="WARN">Imported resource file 'C:\Users\55619\Dropbox\My PC (DESKTOP-8Q92QEK)\Documents\projetos\servRest\automacao-com-robot-framework-api-web\API\resources\feature\login\loginApiVariables.resource' is empty.</msg>
<msg timestamp="20250214 15:24:08.092" level="WARN">Keyword 'RequestsLibrary.To Json' is deprecated. Please use ${resp.json()} instead. Have a look at the improved HTML output as pretty printing replacement.</msg>
</errors>
</robot>
